# JRE version: OpenJDK Runtime Environment (11.0.8+10) (build 11.0.8+10-b944.6842174)
# Java VM: OpenJDK 64-Bit Server VM (11.0.8+10-b944.6842174, mixed mode, tiered, compressed oops, g1 gc, windows-amd64)
Heap:
 garbage-first heap   total 157696K, used 78350K [0x0000000080000000, 0x0000000100000000)
  region size 1024K, 5 young (5120K), 4 survivors (4096K)
 Metaspace       used 70222K, capacity 72124K, committed 72320K, reserved 1112064K
  class space    used 9024K, capacity 9670K, committed 9728K, reserved 1048576K
GC Heap History (20 events):
Event: 10.992 GC heap before
{Heap before GC invocations=7 (full 0):
 garbage-first heap   total 131072K, used 82645K [0x0000000080000000, 0x0000000100000000)
  region size 1024K, 58 young (59392K), 4 survivors (4096K)
 Metaspace       used 34648K, capacity 35470K, committed 35584K, reserved 1079296K
  class space    used 4516K, capacity 4827K, committed 4864K, reserved 1048576K
}
Event: 11.015 GC heap after
{Heap after GC invocations=8 (full 0):
 garbage-first heap   total 131072K, used 33464K [0x0000000080000000, 0x0000000100000000)
  region size 1024K, 8 young (8192K), 8 survivors (8192K)
 Metaspace       used 34648K, capacity 35470K, committed 35584K, reserved 1079296K
  class space    used 4516K, capacity 4827K, committed 4864K, reserved 1048576K
}
Event: 11.075 GC heap before
{Heap before GC invocations=8 (full 0):
 garbage-first heap   total 131072K, used 34488K [0x0000000080000000, 0x0000000100000000)
  region size 1024K, 10 young (10240K), 8 survivors (8192K)
 Metaspace       used 34902K, capacity 35770K, committed 35840K, reserved 1081344K
  class space    used 4552K, capacity 4843K, committed 4864K, reserved 1048576K
}
Event: 11.101 GC heap after
{Heap after GC invocations=9 (full 0):
 garbage-first heap   total 131072K, used 34832K [0x0000000080000000, 0x0000000100000000)
  region size 1024K, 1 young (1024K), 1 survivors (1024K)
 Metaspace       used 34902K, capacity 35770K, committed 35840K, reserved 1081344K
  class space    used 4552K, capacity 4843K, committed 4864K, reserved 1048576K
}
Event: 12.266 GC heap before
{Heap before GC invocations=10 (full 0):
 garbage-first heap   total 131072K, used 73744K [0x0000000080000000, 0x0000000100000000)
  region size 1024K, 37 young (37888K), 1 survivors (1024K)
 Metaspace       used 39266K, capacity 40264K, committed 40524K, reserved 1085440K
  class space    used 5059K, capacity 5428K, committed 5504K, reserved 1048576K
}
Event: 12.279 GC heap after
{Heap after GC invocations=11 (full 0):
 garbage-first heap   total 157696K, used 35604K [0x0000000080000000, 0x0000000100000000)
  region size 1024K, 2 young (2048K), 2 survivors (2048K)
 Metaspace       used 39266K, capacity 40264K, committed 40524K, reserved 1085440K
  class space    used 5059K, capacity 5428K, committed 5504K, reserved 1048576K
}
Event: 14.623 GC heap before
{Heap before GC invocations=11 (full 0):
 garbage-first heap   total 157696K, used 93972K [0x0000000080000000, 0x0000000100000000)
  region size 1024K, 52 young (53248K), 2 survivors (2048K)
 Metaspace       used 43231K, capacity 44324K, committed 44620K, reserved 1087488K
  class space    used 5528K, capacity 5898K, committed 6016K, reserved 1048576K
}
Event: 14.640 GC heap after
{Heap after GC invocations=12 (full 0):
 garbage-first heap   total 157696K, used 48568K [0x0000000080000000, 0x0000000100000000)
  region size 1024K, 7 young (7168K), 7 survivors (7168K)
 Metaspace       used 43231K, capacity 44324K, committed 44620K, reserved 1087488K
  class space    used 5528K, capacity 5898K, committed 6016K, reserved 1048576K
}
Event: 16.958 GC heap before
{Heap before GC invocations=12 (full 0):
 garbage-first heap   total 157696K, used 98744K [0x0000000080000000, 0x0000000100000000)
  region size 1024K, 56 young (57344K), 7 survivors (7168K)
 Metaspace       used 46251K, capacity 47578K, committed 47948K, reserved 1091584K
  class space    used 5952K, capacity 6401K, committed 6528K, reserved 1048576K
}
Event: 16.983 GC heap after
{Heap after GC invocations=13 (full 0):
 garbage-first heap   total 157696K, used 52297K [0x0000000080000000, 0x0000000100000000)
  region size 1024K, 4 young (4096K), 4 survivors (4096K)
 Metaspace       used 46251K, capacity 47578K, committed 47948K, reserved 1091584K
  class space    used 5952K, capacity 6401K, committed 6528K, reserved 1048576K
}
Event: 19.047 GC heap before
{Heap before GC invocations=13 (full 0):
 garbage-first heap   total 157696K, used 105545K [0x0000000080000000, 0x0000000100000000)
  region size 1024K, 54 young (55296K), 4 survivors (4096K)
 Metaspace       used 50071K, capacity 51601K, committed 51916K, reserved 1093632K
  class space    used 6329K, capacity 6839K, committed 6912K, reserved 1048576K
}
Event: 19.065 GC heap after
{Heap after GC invocations=14 (full 0):
 garbage-first heap   total 157696K, used 63703K [0x0000000080000000, 0x0000000100000000)
  region size 1024K, 7 young (7168K), 7 survivors (7168K)
 Metaspace       used 50071K, capacity 51601K, committed 51916K, reserved 1093632K
  class space    used 6329K, capacity 6839K, committed 6912K, reserved 1048576K
}
Event: 21.712 GC heap before
{Heap before GC invocations=14 (full 0):
 garbage-first heap   total 157696K, used 110807K [0x0000000080000000, 0x0000000100000000)
  region size 1024K, 53 young (54272K), 7 survivors (7168K)
 Metaspace       used 56775K, capacity 58409K, committed 58700K, reserved 1099776K
  class space    used 7139K, capacity 7684K, committed 7808K, reserved 1048576K
}
Event: 21.727 GC heap after
{Heap after GC invocations=15 (full 0):
 garbage-first heap   total 157696K, used 66177K [0x0000000080000000, 0x0000000100000000)
  region size 1024K, 3 young (3072K), 3 survivors (3072K)
 Metaspace       used 56775K, capacity 58409K, committed 58700K, reserved 1099776K
  class space    used 7139K, capacity 7684K, committed 7808K, reserved 1048576K
}
Event: 22.456 GC heap before
{Heap before GC invocations=15 (full 0):
 garbage-first heap   total 157696K, used 79489K [0x0000000080000000, 0x0000000100000000)
  region size 1024K, 17 young (17408K), 3 survivors (3072K)
 Metaspace       used 58595K, capacity 60185K, committed 60288K, reserved 1101824K
  class space    used 7354K, capacity 7908K, committed 7936K, reserved 1048576K
}
Event: 22.468 GC heap after
{Heap after GC invocations=16 (full 0):
 garbage-first heap   total 157696K, used 66360K [0x0000000080000000, 0x0000000100000000)
  region size 1024K, 3 young (3072K), 3 survivors (3072K)
 Metaspace       used 58595K, capacity 60185K, committed 60288K, reserved 1101824K
  class space    used 7354K, capacity 7908K, committed 7936K, reserved 1048576K
}
Event: 24.617 GC heap before
{Heap before GC invocations=17 (full 0):
 garbage-first heap   total 157696K, used 116536K [0x0000000080000000, 0x0000000100000000)
  region size 1024K, 52 young (53248K), 3 survivors (3072K)
 Metaspace       used 64112K, capacity 65872K, committed 66176K, reserved 1107968K
  class space    used 8028K, capacity 8618K, committed 8704K, reserved 1048576K
}
Event: 24.636 GC heap after
{Heap after GC invocations=18 (full 0):
 garbage-first heap   total 157696K, used 71163K [0x0000000080000000, 0x0000000100000000)
  region size 1024K, 7 young (7168K), 7 survivors (7168K)
 Metaspace       used 64112K, capacity 65872K, committed 66176K, reserved 1107968K
  class space    used 8028K, capacity 8618K, committed 8704K, reserved 1048576K
}
Event: 26.119 GC heap before
{Heap before GC invocations=18 (full 0):
 garbage-first heap   total 157696K, used 120315K [0x0000000080000000, 0x0000000100000000)
  region size 1024K, 55 young (56320K), 7 survivors (7168K)
 Metaspace       used 66678K, capacity 68535K, committed 68608K, reserved 1110016K
  class space    used 8410K, capacity 9055K, committed 9088K, reserved 1048576K
}
Event: 26.142 GC heap after
{Heap after GC invocations=19 (full 0):
 garbage-first heap   total 157696K, used 74549K [0x0000000080000000, 0x0000000100000000)
  region size 1024K, 5 young (5120K), 5 survivors (5120K)
 Metaspace       used 66678K, capacity 68535K, committed 68608K, reserved 1110016K
  class space    used 8410K, capacity 9055K, committed 9088K, reserved 1048576K
}

